allegro_lib.obj : error LNK2019: unresolved external symbol __imp_al_map_rgb referenced in function "public: void __cdecl AllegroLib::StartLoop(void)" (?StartLoop@AllegroLib@@QEAAXXZ)
graphics.obj : error LNK2001: unresolved external symbol __imp_al_map_rgb
allegro_lib.obj : error LNK2019: unresolved external symbol __imp_al_create_event_queue referenced in function "public: void __cdecl AllegroLib::Init(int,int,float)" (?Init@AllegroLib@@QEAAXHHM@Z)
allegro_lib.obj : error LNK2019: unresolved external symbol __imp_al_destroy_event_queue referenced in function "public: void __cdecl AllegroLib::Destroy(void)" (?Destroy@AllegroLib@@QEAAXXZ)
allegro_lib.obj : error LNK2019: unresolved external symbol __imp_al_register_event_source referenced in function "public: void __cdecl AllegroLib::Init(int,int,float)" (?Init@AllegroLib@@QEAAXHHM@Z)
allegro_lib.obj : error LNK2019: unresolved external symbol __imp_al_unregister_event_source referenced in function "public: void __cdecl AllegroLib::Destroy(void)" (?Destroy@AllegroLib@@QEAAXXZ)
allegro_lib.obj : error LNK2019: unresolved external symbol __imp_al_is_event_queue_empty referenced in function "public: bool __cdecl AllegroLib::IsRedraw(void)" (?IsRedraw@AllegroLib@@QEAA_NXZ)
allegro_lib.obj : error LNK2019: unresolved external symbol __imp_al_wait_for_event referenced in function "public: void __cdecl AllegroLib::StartIteration(void)" (?StartIteration@AllegroLib@@QEAAXXZ)
allegro_lib.obj : error LNK2019: unresolved external symbol __imp_al_create_display referenced in function "public: void __cdecl AllegroLib::Init(int,int,float)" (?Init@AllegroLib@@QEAAXHHM@Z)
allegro_lib.obj : error LNK2019: unresolved external symbol __imp_al_destroy_display referenced in function "public: void __cdecl AllegroLib::Destroy(void)" (?Destroy@AllegroLib@@QEAAXXZ)
graphics.obj : error LNK2001: unresolved external symbol __imp_al_destroy_display
allegro_lib.obj : error LNK2019: unresolved external symbol __imp_al_flip_display referenced in function "public: void __cdecl AllegroLib::StartLoop(void)" (?StartLoop@AllegroLib@@QEAAXXZ)
graphics.obj : error LNK2001: unresolved external symbol __imp_al_flip_display
allegro_lib.obj : error LNK2019: unresolved external symbol __imp_al_get_display_event_source referenced in function "public: void __cdecl AllegroLib::Destroy(void)" (?Destroy@AllegroLib@@QEAAXXZ)
allegro_lib.obj : error LNK2019: unresolved external symbol __imp_al_clear_to_color referenced in function "public: void __cdecl AllegroLib::StartLoop(void)" (?StartLoop@AllegroLib@@QEAAXXZ)
graphics.obj : error LNK2001: unresolved external symbol __imp_al_clear_to_color
allegro_lib.obj : error LNK2019: unresolved external symbol __imp_al_install_keyboard referenced in function "public: void __cdecl AllegroLib::Init(int,int,float)" (?Init@AllegroLib@@QEAAXHHM@Z)
allegro_lib.obj : error LNK2019: unresolved external symbol __imp_al_uninstall_keyboard referenced in function "public: void __cdecl AllegroLib::Destroy(void)" (?Destroy@AllegroLib@@QEAAXXZ)
allegro_lib.obj : error LNK2019: unresolved external symbol __imp_al_get_keyboard_event_source referenced in function "public: void __cdecl AllegroLib::Destroy(void)" (?Destroy@AllegroLib@@QEAAXXZ)
allegro_lib.obj : error LNK2019: unresolved external symbol __imp_al_install_mouse referenced in function "public: void __cdecl AllegroLib::Init(int,int,float)" (?Init@AllegroLib@@QEAAXHHM@Z)
allegro_lib.obj : error LNK2019: unresolved external symbol __imp_al_uninstall_mouse referenced in function "public: void __cdecl AllegroLib::Destroy(void)" (?Destroy@AllegroLib@@QEAAXXZ)
allegro_lib.obj : error LNK2019: unresolved external symbol __imp_al_get_mouse_event_source referenced in function "public: void __cdecl AllegroLib::Destroy(void)" (?Destroy@AllegroLib@@QEAAXXZ)
allegro_lib.obj : error LNK2019: unresolved external symbol __imp_al_install_system referenced in function "public: void __cdecl AllegroLib::Init(int,int,float)" (?Init@AllegroLib@@QEAAXHHM@Z)
allegro_lib.obj : error LNK2019: unresolved external symbol __imp_al_create_timer referenced in function "public: void __cdecl AllegroLib::Init(int,int,float)" (?Init@AllegroLib@@QEAAXHHM@Z)
allegro_lib.obj : error LNK2019: unresolved external symbol __imp_al_destroy_timer referenced in function "public: void __cdecl AllegroLib::Init(int,int,float)" (?Init@AllegroLib@@QEAAXHHM@Z)
graphics.obj : error LNK2001: unresolved external symbol __imp_al_destroy_timer
allegro_lib.obj : error LNK2019: unresolved external symbol __imp_al_start_timer referenced in function "public: void __cdecl AllegroLib::StartLoop(void)" (?StartLoop@AllegroLib@@QEAAXXZ)
allegro_lib.obj : error LNK2019: unresolved external symbol __imp_al_get_timer_event_source referenced in function "public: void __cdecl AllegroLib::Destroy(void)" (?Destroy@AllegroLib@@QEAAXXZ)
allegro_lib.obj : error LNK2019: unresolved external symbol __imp_al_init_font_addon referenced in function "public: void __cdecl AllegroLib::Init(int,int,float)" (?Init@AllegroLib@@QEAAXHHM@Z)
allegro_lib.obj : error LNK2019: unresolved external symbol __imp_al_shutdown_font_addon referenced in function "public: void __cdecl AllegroLib::Destroy(void)" (?Destroy@AllegroLib@@QEAAXXZ)
allegro_lib.obj : error LNK2019: unresolved external symbol __imp_al_init_image_addon referenced in function "public: void __cdecl AllegroLib::Init(int,int,float)" (?Init@AllegroLib@@QEAAXHHM@Z)
allegro_lib.obj : error LNK2019: unresolved external symbol __imp_al_shutdown_image_addon referenced in function "public: void __cdecl AllegroLib::Destroy(void)" (?Destroy@AllegroLib@@QEAAXXZ)
allegro_lib.obj : error LNK2019: unresolved external symbol __imp_al_show_native_message_box referenced in function "private: void __cdecl AllegroLib::ShowError(class std::basic_string<char,struct std::char_traits<char>,class std::allocator<char> >)" (?ShowError@AllegroLib@@AEAAXV?$basic_string@DU?$char_traits@D@std@@V?$allocator@D@2@@std@@@Z)
allegro_lib.obj : error LNK2019: unresolved external symbol __imp_al_init_primitives_addon referenced in function "public: void __cdecl AllegroLib::Init(int,int,float)" (?Init@AllegroLib@@QEAAXHHM@Z)
allegro_lib.obj : error LNK2019: unresolved external symbol __imp_al_shutdown_primitives_addon referenced in function "public: void __cdecl AllegroLib::Destroy(void)" (?Destroy@AllegroLib@@QEAAXXZ)
allegro_lib.obj : error LNK2019: unresolved external symbol __imp_al_init_ttf_addon referenced in function "public: void __cdecl AllegroLib::Init(int,int,float)" (?Init@AllegroLib@@QEAAXHHM@Z)
allegro_lib.obj : error LNK2019: unresolved external symbol __imp_al_shutdown_ttf_addon referenced in function "public: void __cdecl AllegroLib::Destroy(void)" (?Destroy@AllegroLib@@QEAAXXZ)
graphics.obj : error LNK2019: unresolved external symbol __imp_al_destroy_bitmap referenced in function "public: void __cdecl Graphics::UnLoadSpriteCache(void)" (?UnLoadSpriteCache@Graphics@@QEAAXXZ)
graphics.obj : error LNK2019: unresolved external symbol __imp_al_draw_rotated_bitmap referenced in function "public: void __cdecl Graphics::DrawBitmap(enum Graphics::Sprite,float,float,float,float)" (?DrawBitmap@Graphics@@QEAAXW4Sprite@1@MMMM@Z)
graphics.obj : error LNK2019: unresolved external symbol __imp_al_load_bitmap referenced in function "public: void __cdecl Graphics::LoadSpriteCache(void)" (?LoadSpriteCache@Graphics@@QEAAXXZ)
graphics.obj : error LNK2019: unresolved external symbol __imp_al_set_display_icon referenced in function "public: void __cdecl Graphics::LoadSpriteCache(void)" (?LoadSpriteCache@Graphics@@QEAAXXZ)
graphics.obj : error LNK2019: unresolved external symbol __imp_al_set_window_title referenced in function "public: void __cdecl Graphics::LoadSpriteCache(void)" (?LoadSpriteCache@Graphics@@QEAAXXZ)
graphics.obj : error LNK2019: unresolved external symbol __imp_al_draw_text referenced in function "public: void __cdecl Graphics::ExecuteDraws(void)" (?ExecuteDraws@Graphics@@QEAAXXZ)
graphics.obj : error LNK2019: unresolved external symbol __imp_al_destroy_font referenced in function "public: void __cdecl Graphics::UnLoadFonts(void)" (?UnLoadFonts@Graphics@@QEAAXXZ)
graphics.obj : error LNK2019: unresolved external symbol __imp_al_load_ttf_font referenced in function "public: void __cdecl Graphics::LoadFonts(void)" (?LoadFonts@Graphics@@QEAAXXZ)
system_render.obj : error LNK2019: unresolved external symbol __imp_al_get_time referenced in function "public: virtual void __cdecl SystemRender::Update(void)" (?Update@SystemRender@@UEAAXXZ)
C:\Users\Gebruiker\Programmeren\PGM\project_programmeren\SlimeVolley\allegro\lib\allegro-5.0.10-monolith-md-debug.lib : warning LNK4272: library machine type 'X86' conflicts with target machine type 'x64'
C:\Users\Gebruiker\Programmeren\PGM\project_programmeren\x64\Debug\SlimeVolley.exe : fatal error LNK1120: 41 unresolved externals
