system   D            wsystem.c:583  maybe_parent_dir                 [   0.00118] Also searching C:\Users\Gebruiker\Programmeren\PGM\project_programmeren\
system   D            wsystem.c:633  _al_win_safe_load_library        [   0.00172] PathFindOnPath found: C:\WINDOWS\system32\d3d9.dll
system   D            wsystem.c:544  load_library_at_path             [   0.00178] Calling LoadLibrary C:\WINDOWS\system32\d3d9.dll
system   I            wsystem.c:547  load_library_at_path             [   0.01977] Loaded C:\WINDOWS\system32\d3d9.dll
d3d      I         d3d_disp.cpp:696  _al_d3d_init_display             [   0.08828] Render-to-texture: 1
system   I             system.c:252  al_install_system                [   0.08838] Allegro version: 5.0.10
dtor     D               dtor.c:184  _al_register_destructor          [   0.08867] added dtor for object 013CA568, func 0F8624CD
d3d      I         d3d_disp.cpp:1737 d3d_create_display_locked        [   0.09941] faux_fullscreen=0
d3d      D         d3d_disp.cpp:1738 d3d_create_display_locked        [   0.09946] al_display=013FC690
d3d      D         d3d_disp.cpp:1739 d3d_create_display_locked        [   0.09949] al_display->vt=013C2230
d3d      I d3d_display_formats.cpp:144  _al_d3d_generate_display_format_list [   0.11243] found 64 format combinations
display  D   display_settings.c:191  debug_display_settings           [   0.11252] color: 32 (rgba 8880), depth: 0, stencil: 0, acc: 0000, samples: 0/0
display  D   display_settings.c:506  _al_score_display_settings       [   0.11256] Score is : 897
display  D   display_settings.c:191  debug_display_settings           [   0.11259] color: 32 (rgba 8880), depth: 0, stencil: 0, acc: 0000, samples: 0/0
display  D   display_settings.c:506  _al_score_display_settings       [   0.11262] Score is : 897
display  D   display_settings.c:191  debug_display_settings           [   0.11264] color: 32 (rgba 8880), depth: 24, stencil: 8, acc: 0000, samples: 0/0
display  D   display_settings.c:506  _al_score_display_settings       [   0.11267] Score is : 897
display  D   display_settings.c:191  debug_display_settings           [   0.11270] color: 32 (rgba 8880), depth: 24, stencil: 8, acc: 0000, samples: 0/0
display  D   display_settings.c:506  _al_score_display_settings       [   0.11272] Score is : 897
display  D   display_settings.c:191  debug_display_settings           [   0.11275] color: 32 (rgba 8880), depth: 24, stencil: 0, acc: 0000, samples: 0/0
display  D   display_settings.c:506  _al_score_display_settings       [   0.11278] Score is : 897
display  D   display_settings.c:191  debug_display_settings           [   0.11280] color: 32 (rgba 8880), depth: 24, stencil: 0, acc: 0000, samples: 0/0
display  D   display_settings.c:506  _al_score_display_settings       [   0.11283] Score is : 897
display  D   display_settings.c:191  debug_display_settings           [   0.11285] color: 32 (rgba 8880), depth: 16, stencil: 0, acc: 0000, samples: 0/0
display  D   display_settings.c:506  _al_score_display_settings       [   0.11288] Score is : 897
display  D   display_settings.c:191  debug_display_settings           [   0.11290] color: 32 (rgba 8880), depth: 16, stencil: 0, acc: 0000, samples: 0/0
display  D   display_settings.c:506  _al_score_display_settings       [   0.11293] Score is : 897
display  D   display_settings.c:191  debug_display_settings           [   0.11295] color: 16 (rgba 5650), depth: 0, stencil: 0, acc: 0000, samples: 0/0
display  D   display_settings.c:506  _al_score_display_settings       [   0.11298] Score is : 897
display  D   display_settings.c:191  debug_display_settings           [   0.11300] color: 16 (rgba 5650), depth: 0, stencil: 0, acc: 0000, samples: 0/0
display  D   display_settings.c:506  _al_score_display_settings       [   0.11303] Score is : 897
display  D   display_settings.c:191  debug_display_settings           [   0.11306] color: 16 (rgba 5650), depth: 24, stencil: 8, acc: 0000, samples: 0/0
display  D   display_settings.c:506  _al_score_display_settings       [   0.11309] Score is : 897
display  D   display_settings.c:191  debug_display_settings           [   0.11321] color: 16 (rgba 5650), depth: 24, stencil: 8, acc: 0000, samples: 0/0
display  D   display_settings.c:506  _al_score_display_settings       [   0.11325] Score is : 897
display  D   display_settings.c:191  debug_display_settings           [   0.11328] color: 16 (rgba 5650), depth: 24, stencil: 0, acc: 0000, samples: 0/0
display  D   display_settings.c:506  _al_score_display_settings       [   0.11331] Score is : 897
display  D   display_settings.c:191  debug_display_settings           [   0.11334] color: 16 (rgba 5650), depth: 24, stencil: 0, acc: 0000, samples: 0/0
display  D   display_settings.c:506  _al_score_display_settings       [   0.11337] Score is : 897
display  D   display_settings.c:191  debug_display_settings           [   0.11339] color: 16 (rgba 5650), depth: 16, stencil: 0, acc: 0000, samples: 0/0
display  D   display_settings.c:506  _al_score_display_settings       [   0.11342] Score is : 897
display  D   display_settings.c:191  debug_display_settings           [   0.11345] color: 16 (rgba 5650), depth: 16, stencil: 0, acc: 0000, samples: 0/0
display  D   display_settings.c:506  _al_score_display_settings       [   0.11348] Score is : 897
display  D   display_settings.c:191  debug_display_settings           [   0.11350] color: 32 (rgba 8880), depth: 0, stencil: 0, acc: 0000, samples: 0/0
display  D   display_settings.c:377  _al_score_display_settings       [   0.11354] Single Buffer requirement not met.
display  D   display_settings.c:191  debug_display_settings           [   0.11356] color: 32 (rgba 8880), depth: 0, stencil: 0, acc: 0000, samples: 0/0
display  D   display_settings.c:377  _al_score_display_settings       [   0.11359] Single Buffer requirement not met.
display  D   display_settings.c:191  debug_display_settings           [   0.11362] color: 32 (rgba 8880), depth: 24, stencil: 8, acc: 0000, samples: 0/0
display  D   display_settings.c:377  _al_score_display_settings       [   0.11365] Single Buffer requirement not met.
display  D   display_settings.c:191  debug_display_settings           [   0.11368] color: 32 (rgba 8880), depth: 24, stencil: 8, acc: 0000, samples: 0/0
display  D   display_settings.c:377  _al_score_display_settings       [   0.11371] Single Buffer requirement not met.
display  D   display_settings.c:191  debug_display_settings           [   0.11374] color: 32 (rgba 8880), depth: 24, stencil: 0, acc: 0000, samples: 0/0
display  D   display_settings.c:377  _al_score_display_settings       [   0.11377] Single Buffer requirement not met.
display  D   display_settings.c:191  debug_display_settings           [   0.11379] color: 32 (rgba 8880), depth: 24, stencil: 0, acc: 0000, samples: 0/0
display  D   display_settings.c:377  _al_score_display_settings       [   0.11383] Single Buffer requirement not met.
display  D   display_settings.c:191  debug_display_settings           [   0.11386] color: 32 (rgba 8880), depth: 16, stencil: 0, acc: 0000, samples: 0/0
display  D   display_settings.c:377  _al_score_display_settings       [   0.11389] Single Buffer requirement not met.
display  D   display_settings.c:191  debug_display_settings           [   0.11391] color: 32 (rgba 8880), depth: 16, stencil: 0, acc: 0000, samples: 0/0
display  D   display_settings.c:377  _al_score_display_settings       [   0.11394] Single Buffer requirement not met.
display  D   display_settings.c:191  debug_display_settings           [   0.11397] color: 16 (rgba 5650), depth: 0, stencil: 0, acc: 0000, samples: 0/0
display  D   display_settings.c:377  _al_score_display_settings       [   0.11400] Single Buffer requirement not met.
display  D   display_settings.c:191  debug_display_settings           [   0.11402] color: 16 (rgba 5650), depth: 0, stencil: 0, acc: 0000, samples: 0/0
display  D   display_settings.c:377  _al_score_display_settings       [   0.11405] Single Buffer requirement not met.
display  D   display_settings.c:191  debug_display_settings           [   0.11407] color: 16 (rgba 5650), depth: 24, stencil: 8, acc: 0000, samples: 0/0
display  D   display_settings.c:377  _al_score_display_settings       [   0.11411] Single Buffer requirement not met.
display  D   display_settings.c:191  debug_display_settings           [   0.11413] color: 16 (rgba 5650), depth: 24, stencil: 8, acc: 0000, samples: 0/0
display  D   display_settings.c:377  _al_score_display_settings       [   0.11416] Single Buffer requirement not met.
display  D   display_settings.c:191  debug_display_settings           [   0.11418] color: 16 (rgba 5650), depth: 24, stencil: 0, acc: 0000, samples: 0/0
display  D   display_settings.c:377  _al_score_display_settings       [   0.11421] Single Buffer requirement not met.
display  D   display_settings.c:191  debug_display_settings           [   0.11424] color: 16 (rgba 5650), depth: 24, stencil: 0, acc: 0000, samples: 0/0
display  D   display_settings.c:377  _al_score_display_settings       [   0.11427] Single Buffer requirement not met.
display  D   display_settings.c:191  debug_display_settings           [   0.11429] color: 16 (rgba 5650), depth: 16, stencil: 0, acc: 0000, samples: 0/0
display  D   display_settings.c:377  _al_score_display_settings       [   0.11432] Single Buffer requirement not met.
display  D   display_settings.c:191  debug_display_settings           [   0.11434] color: 16 (rgba 5650), depth: 16, stencil: 0, acc: 0000, samples: 0/0
display  D   display_settings.c:377  _al_score_display_settings       [   0.11437] Single Buffer requirement not met.
display  D   display_settings.c:191  debug_display_settings           [   0.11439] color: 32 (rgba 8880), depth: 0, stencil: 0, acc: 0000, samples: 0/0
display  D   display_settings.c:506  _al_score_display_settings       [   0.11442] Score is : 769
display  D   display_settings.c:191  debug_display_settings           [   0.11444] color: 32 (rgba 8880), depth: 0, stencil: 0, acc: 0000, samples: 0/0
display  D   display_settings.c:506  _al_score_display_settings       [   0.11447] Score is : 769
display  D   display_settings.c:191  debug_display_settings           [   0.11449] color: 32 (rgba 8880), depth: 24, stencil: 8, acc: 0000, samples: 0/0
display  D   display_settings.c:506  _al_score_display_settings       [   0.11452] Score is : 769
display  D   display_settings.c:191  debug_display_settings           [   0.11454] color: 32 (rgba 8880), depth: 24, stencil: 8, acc: 0000, samples: 0/0
display  D   display_settings.c:506  _al_score_display_settings       [   0.11457] Score is : 769
display  D   display_settings.c:191  debug_display_settings           [   0.11459] color: 32 (rgba 8880), depth: 24, stencil: 0, acc: 0000, samples: 0/0
display  D   display_settings.c:506  _al_score_display_settings       [   0.11462] Score is : 769
display  D   display_settings.c:191  debug_display_settings           [   0.11464] color: 32 (rgba 8880), depth: 24, stencil: 0, acc: 0000, samples: 0/0
display  D   display_settings.c:506  _al_score_display_settings       [   0.11467] Score is : 769
display  D   display_settings.c:191  debug_display_settings           [   0.11469] color: 32 (rgba 8880), depth: 16, stencil: 0, acc: 0000, samples: 0/0
display  D   display_settings.c:506  _al_score_display_settings       [   0.11472] Score is : 769
display  D   display_settings.c:191  debug_display_settings           [   0.11475] color: 32 (rgba 8880), depth: 16, stencil: 0, acc: 0000, samples: 0/0
display  D   display_settings.c:506  _al_score_display_settings       [   0.11477] Score is : 769
display  D   display_settings.c:191  debug_display_settings           [   0.11480] color: 16 (rgba 5650), depth: 0, stencil: 0, acc: 0000, samples: 0/0
display  D   display_settings.c:506  _al_score_display_settings       [   0.11482] Score is : 769
display  D   display_settings.c:191  debug_display_settings           [   0.11485] color: 16 (rgba 5650), depth: 0, stencil: 0, acc: 0000, samples: 0/0
display  D   display_settings.c:506  _al_score_display_settings       [   0.11488] Score is : 769
display  D   display_settings.c:191  debug_display_settings           [   0.11490] color: 16 (rgba 5650), depth: 24, stencil: 8, acc: 0000, samples: 0/0
display  D   display_settings.c:506  _al_score_display_settings       [   0.11493] Score is : 769
display  D   display_settings.c:191  debug_display_settings           [   0.11495] color: 16 (rgba 5650), depth: 24, stencil: 8, acc: 0000, samples: 0/0
display  D   display_settings.c:506  _al_score_display_settings       [   0.11498] Score is : 769
display  D   display_settings.c:191  debug_display_settings           [   0.11501] color: 16 (rgba 5650), depth: 24, stencil: 0, acc: 0000, samples: 0/0
display  D   display_settings.c:506  _al_score_display_settings       [   0.11503] Score is : 769
display  D   display_settings.c:191  debug_display_settings           [   0.11506] color: 16 (rgba 5650), depth: 24, stencil: 0, acc: 0000, samples: 0/0
display  D   display_settings.c:506  _al_score_display_settings       [   0.11509] Score is : 769
display  D   display_settings.c:191  debug_display_settings           [   0.11511] color: 16 (rgba 5650), depth: 16, stencil: 0, acc: 0000, samples: 0/0
display  D   display_settings.c:506  _al_score_display_settings       [   0.11514] Score is : 769
display  D   display_settings.c:191  debug_display_settings           [   0.11516] color: 16 (rgba 5650), depth: 16, stencil: 0, acc: 0000, samples: 0/0
display  D   display_settings.c:506  _al_score_display_settings       [   0.11518] Score is : 769
display  D   display_settings.c:191  debug_display_settings           [   0.11521] color: 32 (rgba 8880), depth: 0, stencil: 0, acc: 0000, samples: 0/0
display  D   display_settings.c:377  _al_score_display_settings       [   0.11524] Single Buffer requirement not met.
display  D   display_settings.c:191  debug_display_settings           [   0.11526] color: 32 (rgba 8880), depth: 0, stencil: 0, acc: 0000, samples: 0/0
display  D   display_settings.c:377  _al_score_display_settings       [   0.11529] Single Buffer requirement not met.
display  D   display_settings.c:191  debug_display_settings           [   0.11531] color: 32 (rgba 8880), depth: 24, stencil: 8, acc: 0000, samples: 0/0
display  D   display_settings.c:377  _al_score_display_settings       [   0.11534] Single Buffer requirement not met.
display  D   display_settings.c:191  debug_display_settings           [   0.11536] color: 32 (rgba 8880), depth: 24, stencil: 8, acc: 0000, samples: 0/0
display  D   display_settings.c:377  _al_score_display_settings       [   0.11539] Single Buffer requirement not met.
display  D   display_settings.c:191  debug_display_settings           [   0.11541] color: 32 (rgba 8880), depth: 24, stencil: 0, acc: 0000, samples: 0/0
display  D   display_settings.c:377  _al_score_display_settings       [   0.11544] Single Buffer requirement not met.
display  D   display_settings.c:191  debug_display_settings           [   0.11547] color: 32 (rgba 8880), depth: 24, stencil: 0, acc: 0000, samples: 0/0
display  D   display_settings.c:377  _al_score_display_settings       [   0.11550] Single Buffer requirement not met.
display  D   display_settings.c:191  debug_display_settings           [   0.11553] color: 32 (rgba 8880), depth: 16, stencil: 0, acc: 0000, samples: 0/0
display  D   display_settings.c:377  _al_score_display_settings       [   0.11556] Single Buffer requirement not met.
display  D   display_settings.c:191  debug_display_settings           [   0.11558] color: 32 (rgba 8880), depth: 16, stencil: 0, acc: 0000, samples: 0/0
display  D   display_settings.c:377  _al_score_display_settings       [   0.11561] Single Buffer requirement not met.
display  D   display_settings.c:191  debug_display_settings           [   0.11563] color: 16 (rgba 5650), depth: 0, stencil: 0, acc: 0000, samples: 0/0
display  D   display_settings.c:377  _al_score_display_settings       [   0.11566] Single Buffer requirement not met.
display  D   display_settings.c:191  debug_display_settings           [   0.11568] color: 16 (rgba 5650), depth: 0, stencil: 0, acc: 0000, samples: 0/0
display  D   display_settings.c:377  _al_score_display_settings       [   0.11571] Single Buffer requirement not met.
display  D   display_settings.c:191  debug_display_settings           [   0.11579] color: 16 (rgba 5650), depth: 24, stencil: 8, acc: 0000, samples: 0/0
display  D   display_settings.c:377  _al_score_display_settings       [   0.11583] Single Buffer requirement not met.
display  D   display_settings.c:191  debug_display_settings           [   0.11585] color: 16 (rgba 5650), depth: 24, stencil: 8, acc: 0000, samples: 0/0
display  D   display_settings.c:377  _al_score_display_settings       [   0.11588] Single Buffer requirement not met.
display  D   display_settings.c:191  debug_display_settings           [   0.11590] color: 16 (rgba 5650), depth: 24, stencil: 0, acc: 0000, samples: 0/0
display  D   display_settings.c:377  _al_score_display_settings       [   0.11593] Single Buffer requirement not met.
display  D   display_settings.c:191  debug_display_settings           [   0.11596] color: 16 (rgba 5650), depth: 24, stencil: 0, acc: 0000, samples: 0/0
display  D   display_settings.c:377  _al_score_display_settings       [   0.11598] Single Buffer requirement not met.
display  D   display_settings.c:191  debug_display_settings           [   0.11601] color: 16 (rgba 5650), depth: 16, stencil: 0, acc: 0000, samples: 0/0
display  D   display_settings.c:377  _al_score_display_settings       [   0.11604] Single Buffer requirement not met.
display  D   display_settings.c:191  debug_display_settings           [   0.11606] color: 16 (rgba 5650), depth: 16, stencil: 0, acc: 0000, samples: 0/0
display  D   display_settings.c:377  _al_score_display_settings       [   0.11609] Single Buffer requirement not met.
d3d      D         d3d_disp.cpp:1645 d3d_create_display_internals     [   0.11614] Trying format 0.
d3d      I         d3d_disp.cpp:1326 d3d_display_thread_proc          [   0.11733] Chose a display format: 23
d3d      I         d3d_disp.cpp:1395 d3d_display_thread_proc          [   0.11740] Normal window.
d3d      I         d3d_disp.cpp:801  d3d_create_device                [   0.13829] Using no depth stencil buffer
d3d      D         d3d_disp.cpp:866  d3d_create_device                [   0.15446] BeginScene succeeded in create_device
d3d      D         d3d_disp.cpp:874  d3d_create_device                [   0.15453] Success
d3d      D         d3d_disp.cpp:1668 d3d_create_display_internals     [   0.15458] Resumed after wait.
d3d      I         d3d_disp.cpp:1701 d3d_create_display_internals     [   0.15464] Format 0 succeeded.
d3d      D         d3d_disp.cpp:1724 d3d_create_display_internals     [   0.15468] Returning d3d_display: 013FC690
d3d      D         d3d_disp.cpp:1749 d3d_create_display_locked        [   0.15471] al_display=013FC690
d3d      D         d3d_disp.cpp:1750 d3d_create_display_locked        [   0.15473] al_display->vt=013C2230
dtor     D               dtor.c:184  _al_register_destructor          [   0.15604] added dtor for object 07A1B138, func 0F8627A7
bitmap   W          bitmap_io.c:222  al_load_bitmap                   [   0.15626] Failed loading ./assets/images/none.png with .png handler.
d3d      D         d3d_disp.cpp:1166 real_choose_bitmap_format        [   0.16868] Fake format
d3d      D         d3d_disp.cpp:1166 real_choose_bitmap_format        [   0.16873] Fake format
d3d      D         d3d_disp.cpp:1166 real_choose_bitmap_format        [   0.16875] Fake format
d3d      D         d3d_disp.cpp:1166 real_choose_bitmap_format        [   0.16878] Fake format
d3d      D         d3d_disp.cpp:1166 real_choose_bitmap_format        [   0.16880] Fake format
d3d      D         d3d_disp.cpp:1166 real_choose_bitmap_format        [   0.16882] Fake format
d3d      D         d3d_disp.cpp:1166 real_choose_bitmap_format        [   0.16884] Fake format
d3d      D         d3d_disp.cpp:1166 real_choose_bitmap_format        [   0.16888] Fake format
d3d      D         d3d_disp.cpp:1166 real_choose_bitmap_format        [   0.16890] Fake format
d3d      D         d3d_disp.cpp:1174 real_choose_bitmap_format        [   0.16892] Alpha doesn't match
d3d      D         d3d_disp.cpp:1181 real_choose_bitmap_format        [   0.16902] Adapter format is 23
d3d      D         d3d_disp.cpp:1184 real_choose_bitmap_format        [   0.16906] Found a format
d3d      I         d3d_disp.cpp:2283 _al_d3d_create_bitmap            [   0.16908] Chose bitmap format 9
dtor     D               dtor.c:184  _al_register_destructor          [   0.16936] added dtor for object 07A1DC08, func 0F862590
d3d      D          d3d_bmp.cpp:467  _al_d3d_sync_bitmap              [   0.17059] _al_d3d_sync_bitmap (system) ref count == 1
d3d      D          d3d_bmp.cpp:473  _al_d3d_sync_bitmap              [   0.17066] _al_d3d_sync_bitmap (video) ref count == 1
d3d      D         d3d_disp.cpp:1166 real_choose_bitmap_format        [   0.17199] Fake format
d3d      D         d3d_disp.cpp:1166 real_choose_bitmap_format        [   0.17204] Fake format
d3d      D         d3d_disp.cpp:1166 real_choose_bitmap_format        [   0.17207] Fake format
d3d      D         d3d_disp.cpp:1166 real_choose_bitmap_format        [   0.17209] Fake format
d3d      D         d3d_disp.cpp:1166 real_choose_bitmap_format        [   0.17212] Fake format
d3d      D         d3d_disp.cpp:1166 real_choose_bitmap_format        [   0.17214] Fake format
d3d      D         d3d_disp.cpp:1166 real_choose_bitmap_format        [   0.17216] Fake format
d3d      D         d3d_disp.cpp:1166 real_choose_bitmap_format        [   0.17218] Fake format
d3d      D         d3d_disp.cpp:1166 real_choose_bitmap_format        [   0.17220] Fake format
d3d      D         d3d_disp.cpp:1174 real_choose_bitmap_format        [   0.17222] Alpha doesn't match
d3d      D         d3d_disp.cpp:1181 real_choose_bitmap_format        [   0.17224] Adapter format is 23
d3d      D         d3d_disp.cpp:1184 real_choose_bitmap_format        [   0.17227] Found a format
d3d      I         d3d_disp.cpp:2283 _al_d3d_create_bitmap            [   0.17229] Chose bitmap format 9
dtor     D               dtor.c:184  _al_register_destructor          [   0.17324] added dtor for object 07A1D5C0, func 0F862590
d3d      D          d3d_bmp.cpp:467  _al_d3d_sync_bitmap              [   0.17971] _al_d3d_sync_bitmap (system) ref count == 1
d3d      D          d3d_bmp.cpp:473  _al_d3d_sync_bitmap              [   0.17977] _al_d3d_sync_bitmap (video) ref count == 1
d3d      D         d3d_disp.cpp:1166 real_choose_bitmap_format        [   0.19559] Fake format
d3d      D         d3d_disp.cpp:1166 real_choose_bitmap_format        [   0.19564] Fake format
d3d      D         d3d_disp.cpp:1166 real_choose_bitmap_format        [   0.19566] Fake format
d3d      D         d3d_disp.cpp:1166 real_choose_bitmap_format        [   0.19568] Fake format
d3d      D         d3d_disp.cpp:1166 real_choose_bitmap_format        [   0.19571] Fake format
d3d      D         d3d_disp.cpp:1166 real_choose_bitmap_format        [   0.19581] Fake format
d3d      D         d3d_disp.cpp:1166 real_choose_bitmap_format        [   0.19584] Fake format
d3d      D         d3d_disp.cpp:1166 real_choose_bitmap_format        [   0.19587] Fake format
d3d      D         d3d_disp.cpp:1166 real_choose_bitmap_format        [   0.19590] Fake format
d3d      D         d3d_disp.cpp:1174 real_choose_bitmap_format        [   0.19592] Alpha doesn't match
d3d      D         d3d_disp.cpp:1181 real_choose_bitmap_format        [   0.19595] Adapter format is 23
d3d      D         d3d_disp.cpp:1184 real_choose_bitmap_format        [   0.19597] Found a format
d3d      I         d3d_disp.cpp:2283 _al_d3d_create_bitmap            [   0.19599] Chose bitmap format 9
dtor     D               dtor.c:184  _al_register_destructor          [   0.19781] added dtor for object 07A2E898, func 0F862590
d3d      D          d3d_bmp.cpp:467  _al_d3d_sync_bitmap              [   0.20514] _al_d3d_sync_bitmap (system) ref count == 1
d3d      D          d3d_bmp.cpp:473  _al_d3d_sync_bitmap              [   0.20520] _al_d3d_sync_bitmap (video) ref count == 1
d3d      D         d3d_disp.cpp:1166 real_choose_bitmap_format        [   0.22032] Fake format
d3d      D         d3d_disp.cpp:1166 real_choose_bitmap_format        [   0.22038] Fake format
d3d      D         d3d_disp.cpp:1166 real_choose_bitmap_format        [   0.22041] Fake format
d3d      D         d3d_disp.cpp:1166 real_choose_bitmap_format        [   0.22043] Fake format
d3d      D         d3d_disp.cpp:1166 real_choose_bitmap_format        [   0.22045] Fake format
d3d      D         d3d_disp.cpp:1166 real_choose_bitmap_format        [   0.22047] Fake format
d3d      D         d3d_disp.cpp:1166 real_choose_bitmap_format        [   0.22049] Fake format
d3d      D         d3d_disp.cpp:1166 real_choose_bitmap_format        [   0.22052] Fake format
d3d      D         d3d_disp.cpp:1166 real_choose_bitmap_format        [   0.22054] Fake format
d3d      D         d3d_disp.cpp:1174 real_choose_bitmap_format        [   0.22056] Alpha doesn't match
d3d      D         d3d_disp.cpp:1181 real_choose_bitmap_format        [   0.22058] Adapter format is 23
d3d      D         d3d_disp.cpp:1184 real_choose_bitmap_format        [   0.22061] Found a format
d3d      I         d3d_disp.cpp:2283 _al_d3d_create_bitmap            [   0.22063] Chose bitmap format 9
dtor     D               dtor.c:184  _al_register_destructor          [   0.22152] added dtor for object 07A28B80, func 0F862590
d3d      D          d3d_bmp.cpp:467  _al_d3d_sync_bitmap              [   0.22979] _al_d3d_sync_bitmap (system) ref count == 1
d3d      D          d3d_bmp.cpp:473  _al_d3d_sync_bitmap              [   0.22987] _al_d3d_sync_bitmap (video) ref count == 1
d3d      D         d3d_disp.cpp:1166 real_choose_bitmap_format        [   0.24543] Fake format
d3d      D         d3d_disp.cpp:1166 real_choose_bitmap_format        [   0.24548] Fake format
d3d      D         d3d_disp.cpp:1166 real_choose_bitmap_format        [   0.24550] Fake format
d3d      D         d3d_disp.cpp:1166 real_choose_bitmap_format        [   0.24552] Fake format
d3d      D         d3d_disp.cpp:1166 real_choose_bitmap_format        [   0.24554] Fake format
d3d      D         d3d_disp.cpp:1166 real_choose_bitmap_format        [   0.24556] Fake format
d3d      D         d3d_disp.cpp:1166 real_choose_bitmap_format        [   0.24558] Fake format
d3d      D         d3d_disp.cpp:1166 real_choose_bitmap_format        [   0.24560] Fake format
d3d      D         d3d_disp.cpp:1166 real_choose_bitmap_format        [   0.24562] Fake format
d3d      D         d3d_disp.cpp:1174 real_choose_bitmap_format        [   0.24564] Alpha doesn't match
d3d      D         d3d_disp.cpp:1181 real_choose_bitmap_format        [   0.24566] Adapter format is 23
d3d      D         d3d_disp.cpp:1184 real_choose_bitmap_format        [   0.24569] Found a format
d3d      I         d3d_disp.cpp:2283 _al_d3d_create_bitmap            [   0.24571] Chose bitmap format 9
dtor     D               dtor.c:184  _al_register_destructor          [   0.24608] added dtor for object 07A28430, func 0F862590
d3d      D          d3d_bmp.cpp:467  _al_d3d_sync_bitmap              [   0.24668] _al_d3d_sync_bitmap (system) ref count == 1
d3d      D          d3d_bmp.cpp:473  _al_d3d_sync_bitmap              [   0.24674] _al_d3d_sync_bitmap (video) ref count == 1
d3d      D         d3d_disp.cpp:1166 real_choose_bitmap_format        [   0.24841] Fake format
d3d      D         d3d_disp.cpp:1166 real_choose_bitmap_format        [   0.24846] Fake format
d3d      D         d3d_disp.cpp:1166 real_choose_bitmap_format        [   0.24848] Fake format
d3d      D         d3d_disp.cpp:1166 real_choose_bitmap_format        [   0.24850] Fake format
d3d      D         d3d_disp.cpp:1166 real_choose_bitmap_format        [   0.24853] Fake format
d3d      D         d3d_disp.cpp:1166 real_choose_bitmap_format        [   0.24855] Fake format
d3d      D         d3d_disp.cpp:1166 real_choose_bitmap_format        [   0.24857] Fake format
d3d      D         d3d_disp.cpp:1166 real_choose_bitmap_format        [   0.24859] Fake format
d3d      D         d3d_disp.cpp:1166 real_choose_bitmap_format        [   0.24861] Fake format
d3d      D         d3d_disp.cpp:1174 real_choose_bitmap_format        [   0.24864] Alpha doesn't match
d3d      D         d3d_disp.cpp:1181 real_choose_bitmap_format        [   0.24866] Adapter format is 23
d3d      D         d3d_disp.cpp:1184 real_choose_bitmap_format        [   0.24869] Found a format
d3d      I         d3d_disp.cpp:2283 _al_d3d_create_bitmap            [   0.24871] Chose bitmap format 9
dtor     D               dtor.c:184  _al_register_destructor          [   0.24887] added dtor for object 07A2BEC0, func 0F862590
d3d      D          d3d_bmp.cpp:467  _al_d3d_sync_bitmap              [   0.24921] _al_d3d_sync_bitmap (system) ref count == 1
d3d      D          d3d_bmp.cpp:473  _al_d3d_sync_bitmap              [   0.24925] _al_d3d_sync_bitmap (video) ref count == 1
d3d      D         d3d_disp.cpp:1166 real_choose_bitmap_format        [   0.25061] Fake format
d3d      D         d3d_disp.cpp:1166 real_choose_bitmap_format        [   0.25065] Fake format
d3d      D         d3d_disp.cpp:1166 real_choose_bitmap_format        [   0.25068] Fake format
d3d      D         d3d_disp.cpp:1166 real_choose_bitmap_format        [   0.25070] Fake format
d3d      D         d3d_disp.cpp:1166 real_choose_bitmap_format        [   0.25072] Fake format
d3d      D         d3d_disp.cpp:1166 real_choose_bitmap_format        [   0.25074] Fake format
d3d      D         d3d_disp.cpp:1166 real_choose_bitmap_format        [   0.25076] Fake format
d3d      D         d3d_disp.cpp:1166 real_choose_bitmap_format        [   0.25078] Fake format
d3d      D         d3d_disp.cpp:1166 real_choose_bitmap_format        [   0.25080] Fake format
d3d      D         d3d_disp.cpp:1174 real_choose_bitmap_format        [   0.25082] Alpha doesn't match
d3d      D         d3d_disp.cpp:1181 real_choose_bitmap_format        [   0.25085] Adapter format is 23
d3d      D         d3d_disp.cpp:1184 real_choose_bitmap_format        [   0.25087] Found a format
d3d      I         d3d_disp.cpp:2283 _al_d3d_create_bitmap            [   0.25089] Chose bitmap format 9
dtor     D               dtor.c:184  _al_register_destructor          [   0.25110] added dtor for object 07A2C210, func 0F862590
d3d      D          d3d_bmp.cpp:467  _al_d3d_sync_bitmap              [   0.25140] _al_d3d_sync_bitmap (system) ref count == 1
d3d      D          d3d_bmp.cpp:473  _al_d3d_sync_bitmap              [   0.25144] _al_d3d_sync_bitmap (video) ref count == 1
d3d      D         d3d_disp.cpp:1166 real_choose_bitmap_format        [   0.25256] Fake format
d3d      D         d3d_disp.cpp:1166 real_choose_bitmap_format        [   0.25261] Fake format
d3d      D         d3d_disp.cpp:1166 real_choose_bitmap_format        [   0.25263] Fake format
d3d      D         d3d_disp.cpp:1166 real_choose_bitmap_format        [   0.25265] Fake format
d3d      D         d3d_disp.cpp:1166 real_choose_bitmap_format        [   0.25267] Fake format
d3d      D         d3d_disp.cpp:1166 real_choose_bitmap_format        [   0.25269] Fake format
d3d      D         d3d_disp.cpp:1166 real_choose_bitmap_format        [   0.25271] Fake format
d3d      D         d3d_disp.cpp:1166 real_choose_bitmap_format        [   0.25274] Fake format
d3d      D         d3d_disp.cpp:1166 real_choose_bitmap_format        [   0.25276] Fake format
d3d      D         d3d_disp.cpp:1174 real_choose_bitmap_format        [   0.25278] Alpha doesn't match
d3d      D         d3d_disp.cpp:1181 real_choose_bitmap_format        [   0.25280] Adapter format is 23
d3d      D         d3d_disp.cpp:1184 real_choose_bitmap_format        [   0.25283] Found a format
d3d      I         d3d_disp.cpp:2283 _al_d3d_create_bitmap            [   0.25285] Chose bitmap format 9
dtor     D               dtor.c:184  _al_register_destructor          [   0.25301] added dtor for object 07A2BBE8, func 0F862590
d3d      D          d3d_bmp.cpp:467  _al_d3d_sync_bitmap              [   0.25322] _al_d3d_sync_bitmap (system) ref count == 1
d3d      D          d3d_bmp.cpp:473  _al_d3d_sync_bitmap              [   0.25325] _al_d3d_sync_bitmap (video) ref count == 1
d3d      D         d3d_disp.cpp:1166 real_choose_bitmap_format        [   0.25415] Fake format
d3d      D         d3d_disp.cpp:1166 real_choose_bitmap_format        [   0.25419] Fake format
d3d      D         d3d_disp.cpp:1166 real_choose_bitmap_format        [   0.25422] Fake format
d3d      D         d3d_disp.cpp:1166 real_choose_bitmap_format        [   0.25424] Fake format
d3d      D         d3d_disp.cpp:1166 real_choose_bitmap_format        [   0.25426] Fake format
d3d      D         d3d_disp.cpp:1166 real_choose_bitmap_format        [   0.25428] Fake format
d3d      D         d3d_disp.cpp:1166 real_choose_bitmap_format        [   0.25430] Fake format
d3d      D         d3d_disp.cpp:1166 real_choose_bitmap_format        [   0.25432] Fake format
d3d      D         d3d_disp.cpp:1166 real_choose_bitmap_format        [   0.25434] Fake format
d3d      D         d3d_disp.cpp:1174 real_choose_bitmap_format        [   0.25436] Alpha doesn't match
d3d      D         d3d_disp.cpp:1181 real_choose_bitmap_format        [   0.25439] Adapter format is 23
d3d      D         d3d_disp.cpp:1184 real_choose_bitmap_format        [   0.25441] Found a format
d3d      I         d3d_disp.cpp:2283 _al_d3d_create_bitmap            [   0.25443] Chose bitmap format 9
dtor     D               dtor.c:184  _al_register_destructor          [   0.25462] added dtor for object 07A2BAC0, func 0F862590
d3d      D          d3d_bmp.cpp:467  _al_d3d_sync_bitmap              [   0.25494] _al_d3d_sync_bitmap (system) ref count == 1
d3d      D          d3d_bmp.cpp:473  _al_d3d_sync_bitmap              [   0.25498] _al_d3d_sync_bitmap (video) ref count == 1
d3d      D         d3d_disp.cpp:1166 real_choose_bitmap_format        [   0.25610] Fake format
d3d      D         d3d_disp.cpp:1166 real_choose_bitmap_format        [   0.25615] Fake format
d3d      D         d3d_disp.cpp:1166 real_choose_bitmap_format        [   0.25618] Fake format
d3d      D         d3d_disp.cpp:1166 real_choose_bitmap_format        [   0.25620] Fake format
d3d      D         d3d_disp.cpp:1166 real_choose_bitmap_format        [   0.25622] Fake format
d3d      D         d3d_disp.cpp:1166 real_choose_bitmap_format        [   0.25624] Fake format
d3d      D         d3d_disp.cpp:1166 real_choose_bitmap_format        [   0.25626] Fake format
d3d      D         d3d_disp.cpp:1166 real_choose_bitmap_format        [   0.25629] Fake format
d3d      D         d3d_disp.cpp:1166 real_choose_bitmap_format        [   0.25631] Fake format
d3d      D         d3d_disp.cpp:1174 real_choose_bitmap_format        [   0.25633] Alpha doesn't match
d3d      D         d3d_disp.cpp:1181 real_choose_bitmap_format        [   0.25635] Adapter format is 23
d3d      D         d3d_disp.cpp:1184 real_choose_bitmap_format        [   0.25637] Found a format
d3d      I         d3d_disp.cpp:2283 _al_d3d_create_bitmap            [   0.25639] Chose bitmap format 9
dtor     D               dtor.c:184  _al_register_destructor          [   0.25660] added dtor for object 07A49150, func 0F862590
d3d      D          d3d_bmp.cpp:467  _al_d3d_sync_bitmap              [   0.25692] _al_d3d_sync_bitmap (system) ref count == 1
d3d      D          d3d_bmp.cpp:473  _al_d3d_sync_bitmap              [   0.25696] _al_d3d_sync_bitmap (video) ref count == 1
d3d      D         d3d_disp.cpp:1166 real_choose_bitmap_format        [   0.25822] Fake format
d3d      D         d3d_disp.cpp:1166 real_choose_bitmap_format        [   0.25826] Fake format
d3d      D         d3d_disp.cpp:1166 real_choose_bitmap_format        [   0.25828] Fake format
d3d      D         d3d_disp.cpp:1166 real_choose_bitmap_format        [   0.25830] Fake format
d3d      D         d3d_disp.cpp:1166 real_choose_bitmap_format        [   0.25833] Fake format
d3d      D         d3d_disp.cpp:1166 real_choose_bitmap_format        [   0.25834] Fake format
d3d      D         d3d_disp.cpp:1166 real_choose_bitmap_format        [   0.25837] Fake format
d3d      D         d3d_disp.cpp:1166 real_choose_bitmap_format        [   0.25839] Fake format
d3d      D         d3d_disp.cpp:1166 real_choose_bitmap_format        [   0.25842] Fake format
d3d      D         d3d_disp.cpp:1174 real_choose_bitmap_format        [   0.25844] Alpha doesn't match
d3d      D         d3d_disp.cpp:1181 real_choose_bitmap_format        [   0.25846] Adapter format is 23
d3d      D         d3d_disp.cpp:1184 real_choose_bitmap_format        [   0.25848] Found a format
d3d      I         d3d_disp.cpp:2283 _al_d3d_create_bitmap            [   0.25850] Chose bitmap format 9
dtor     D               dtor.c:184  _al_register_destructor          [   0.25867] added dtor for object 07A57570, func 0F862590
d3d      D          d3d_bmp.cpp:467  _al_d3d_sync_bitmap              [   0.25902] _al_d3d_sync_bitmap (system) ref count == 1
d3d      D          d3d_bmp.cpp:473  _al_d3d_sync_bitmap              [   0.25907] _al_d3d_sync_bitmap (video) ref count == 1
d3d      D         d3d_disp.cpp:1166 real_choose_bitmap_format        [   0.26024] Fake format
d3d      D         d3d_disp.cpp:1166 real_choose_bitmap_format        [   0.26027] Fake format
d3d      D         d3d_disp.cpp:1166 real_choose_bitmap_format        [   0.26030] Fake format
d3d      D         d3d_disp.cpp:1166 real_choose_bitmap_format        [   0.26032] Fake format
d3d      D         d3d_disp.cpp:1166 real_choose_bitmap_format        [   0.26034] Fake format
d3d      D         d3d_disp.cpp:1166 real_choose_bitmap_format        [   0.26036] Fake format
d3d      D         d3d_disp.cpp:1166 real_choose_bitmap_format        [   0.26038] Fake format
d3d      D         d3d_disp.cpp:1166 real_choose_bitmap_format        [   0.26040] Fake format
d3d      D         d3d_disp.cpp:1166 real_choose_bitmap_format        [   0.26042] Fake format
d3d      D         d3d_disp.cpp:1174 real_choose_bitmap_format        [   0.26044] Alpha doesn't match
d3d      D         d3d_disp.cpp:1181 real_choose_bitmap_format        [   0.26046] Adapter format is 23
d3d      D         d3d_disp.cpp:1184 real_choose_bitmap_format        [   0.26048] Found a format
d3d      I         d3d_disp.cpp:2283 _al_d3d_create_bitmap            [   0.26050] Chose bitmap format 9
dtor     D               dtor.c:184  _al_register_destructor          [   0.26065] added dtor for object 07A42C68, func 0F862590
d3d      D          d3d_bmp.cpp:467  _al_d3d_sync_bitmap              [   0.26091] _al_d3d_sync_bitmap (system) ref count == 1
d3d      D          d3d_bmp.cpp:473  _al_d3d_sync_bitmap              [   0.26096] _al_d3d_sync_bitmap (video) ref count == 1
d3d      D         d3d_disp.cpp:1166 real_choose_bitmap_format        [   0.26195] Fake format
d3d      D         d3d_disp.cpp:1166 real_choose_bitmap_format        [   0.26198] Fake format
d3d      D         d3d_disp.cpp:1166 real_choose_bitmap_format        [   0.26201] Fake format
d3d      D         d3d_disp.cpp:1166 real_choose_bitmap_format        [   0.26203] Fake format
d3d      D         d3d_disp.cpp:1166 real_choose_bitmap_format        [   0.26205] Fake format
d3d      D         d3d_disp.cpp:1166 real_choose_bitmap_format        [   0.26207] Fake format
d3d      D         d3d_disp.cpp:1166 real_choose_bitmap_format        [   0.26209] Fake format
d3d      D         d3d_disp.cpp:1166 real_choose_bitmap_format        [   0.26212] Fake format
d3d      D         d3d_disp.cpp:1166 real_choose_bitmap_format        [   0.26214] Fake format
d3d      D         d3d_disp.cpp:1174 real_choose_bitmap_format        [   0.26216] Alpha doesn't match
d3d      D         d3d_disp.cpp:1181 real_choose_bitmap_format        [   0.26218] Adapter format is 23
d3d      D         d3d_disp.cpp:1184 real_choose_bitmap_format        [   0.26221] Found a format
d3d      I         d3d_disp.cpp:2283 _al_d3d_create_bitmap            [   0.26223] Chose bitmap format 9
dtor     D               dtor.c:184  _al_register_destructor          [   0.26244] added dtor for object 07A63520, func 0F862590
d3d      D          d3d_bmp.cpp:467  _al_d3d_sync_bitmap              [   0.26271] _al_d3d_sync_bitmap (system) ref count == 1
d3d      D          d3d_bmp.cpp:473  _al_d3d_sync_bitmap              [   0.26275] _al_d3d_sync_bitmap (video) ref count == 1
d3d      D         d3d_disp.cpp:1166 real_choose_bitmap_format        [   0.26377] Fake format
d3d      D         d3d_disp.cpp:1166 real_choose_bitmap_format        [   0.26381] Fake format
d3d      D         d3d_disp.cpp:1166 real_choose_bitmap_format        [   0.26383] Fake format
d3d      D         d3d_disp.cpp:1166 real_choose_bitmap_format        [   0.26385] Fake format
d3d      D         d3d_disp.cpp:1166 real_choose_bitmap_format        [   0.26387] Fake format
d3d      D         d3d_disp.cpp:1166 real_choose_bitmap_format        [   0.26390] Fake format
d3d      D         d3d_disp.cpp:1166 real_choose_bitmap_format        [   0.26392] Fake format
d3d      D         d3d_disp.cpp:1166 real_choose_bitmap_format        [   0.26397] Fake format
d3d      D         d3d_disp.cpp:1166 real_choose_bitmap_format        [   0.26399] Fake format
d3d      D         d3d_disp.cpp:1174 real_choose_bitmap_format        [   0.26401] Alpha doesn't match
d3d      D         d3d_disp.cpp:1181 real_choose_bitmap_format        [   0.26403] Adapter format is 23
d3d      D         d3d_disp.cpp:1184 real_choose_bitmap_format        [   0.26405] Found a format
d3d      I         d3d_disp.cpp:2283 _al_d3d_create_bitmap            [   0.26407] Chose bitmap format 9
dtor     D               dtor.c:184  _al_register_destructor          [   0.26425] added dtor for object 07A66708, func 0F862590
d3d      D          d3d_bmp.cpp:467  _al_d3d_sync_bitmap              [   0.26453] _al_d3d_sync_bitmap (system) ref count == 1
d3d      D          d3d_bmp.cpp:473  _al_d3d_sync_bitmap              [   0.26456] _al_d3d_sync_bitmap (video) ref count == 1
d3d      D         d3d_disp.cpp:1166 real_choose_bitmap_format        [   0.26560] Fake format
d3d      D         d3d_disp.cpp:1166 real_choose_bitmap_format        [   0.26564] Fake format
d3d      D         d3d_disp.cpp:1166 real_choose_bitmap_format        [   0.26566] Fake format
d3d      D         d3d_disp.cpp:1166 real_choose_bitmap_format        [   0.26568] Fake format
d3d      D         d3d_disp.cpp:1166 real_choose_bitmap_format        [   0.26570] Fake format
d3d      D         d3d_disp.cpp:1166 real_choose_bitmap_format        [   0.26573] Fake format
d3d      D         d3d_disp.cpp:1166 real_choose_bitmap_format        [   0.26575] Fake format
d3d      D         d3d_disp.cpp:1166 real_choose_bitmap_format        [   0.26577] Fake format
d3d      D         d3d_disp.cpp:1166 real_choose_bitmap_format        [   0.26579] Fake format
d3d      D         d3d_disp.cpp:1174 real_choose_bitmap_format        [   0.26581] Alpha doesn't match
d3d      D         d3d_disp.cpp:1181 real_choose_bitmap_format        [   0.26583] Adapter format is 23
d3d      D         d3d_disp.cpp:1184 real_choose_bitmap_format        [   0.26585] Found a format
d3d      I         d3d_disp.cpp:2283 _al_d3d_create_bitmap            [   0.26587] Chose bitmap format 9
dtor     D               dtor.c:184  _al_register_destructor          [   0.26608] added dtor for object 07A6C718, func 0F862590
d3d      D          d3d_bmp.cpp:467  _al_d3d_sync_bitmap              [   0.26637] _al_d3d_sync_bitmap (system) ref count == 1
d3d      D          d3d_bmp.cpp:473  _al_d3d_sync_bitmap              [   0.26642] _al_d3d_sync_bitmap (video) ref count == 1
d3d      D         d3d_disp.cpp:1166 real_choose_bitmap_format        [   0.26999] Fake format
d3d      D         d3d_disp.cpp:1166 real_choose_bitmap_format        [   0.27003] Fake format
d3d      D         d3d_disp.cpp:1166 real_choose_bitmap_format        [   0.27005] Fake format
d3d      D         d3d_disp.cpp:1166 real_choose_bitmap_format        [   0.27007] Fake format
d3d      D         d3d_disp.cpp:1166 real_choose_bitmap_format        [   0.27009] Fake format
d3d      D         d3d_disp.cpp:1166 real_choose_bitmap_format        [   0.27011] Fake format
d3d      D         d3d_disp.cpp:1166 real_choose_bitmap_format        [   0.27014] Fake format
d3d      D         d3d_disp.cpp:1166 real_choose_bitmap_format        [   0.27016] Fake format
d3d      D         d3d_disp.cpp:1166 real_choose_bitmap_format        [   0.27018] Fake format
d3d      D         d3d_disp.cpp:1174 real_choose_bitmap_format        [   0.27020] Alpha doesn't match
d3d      D         d3d_disp.cpp:1181 real_choose_bitmap_format        [   0.27022] Adapter format is 23
d3d      D         d3d_disp.cpp:1184 real_choose_bitmap_format        [   0.27024] Found a format
d3d      I         d3d_disp.cpp:2283 _al_d3d_create_bitmap            [   0.27026] Chose bitmap format 9
dtor     D               dtor.c:184  _al_register_destructor          [   0.27042] added dtor for object 07A6D518, func 0F862590
d3d      D          d3d_bmp.cpp:467  _al_d3d_sync_bitmap              [   0.27070] _al_d3d_sync_bitmap (system) ref count == 1
d3d      D          d3d_bmp.cpp:473  _al_d3d_sync_bitmap              [   0.27073] _al_d3d_sync_bitmap (video) ref count == 1
d3d      D         d3d_disp.cpp:1166 real_choose_bitmap_format        [   0.27177] Fake format
d3d      D         d3d_disp.cpp:1166 real_choose_bitmap_format        [   0.27181] Fake format
d3d      D         d3d_disp.cpp:1166 real_choose_bitmap_format        [   0.27183] Fake format
d3d      D         d3d_disp.cpp:1166 real_choose_bitmap_format        [   0.27185] Fake format
d3d      D         d3d_disp.cpp:1166 real_choose_bitmap_format        [   0.27187] Fake format
d3d      D         d3d_disp.cpp:1166 real_choose_bitmap_format        [   0.27189] Fake format
d3d      D         d3d_disp.cpp:1166 real_choose_bitmap_format        [   0.27191] Fake format
d3d      D         d3d_disp.cpp:1166 real_choose_bitmap_format        [   0.27194] Fake format
d3d      D         d3d_disp.cpp:1166 real_choose_bitmap_format        [   0.27196] Fake format
d3d      D         d3d_disp.cpp:1174 real_choose_bitmap_format        [   0.27198] Alpha doesn't match
d3d      D         d3d_disp.cpp:1181 real_choose_bitmap_format        [   0.27200] Adapter format is 23
d3d      D         d3d_disp.cpp:1184 real_choose_bitmap_format        [   0.27202] Found a format
d3d      I         d3d_disp.cpp:2283 _al_d3d_create_bitmap            [   0.27204] Chose bitmap format 9
dtor     D               dtor.c:184  _al_register_destructor          [   0.27220] added dtor for object 07A6C018, func 0F862590
d3d      D          d3d_bmp.cpp:467  _al_d3d_sync_bitmap              [   0.27246] _al_d3d_sync_bitmap (system) ref count == 1
d3d      D          d3d_bmp.cpp:473  _al_d3d_sync_bitmap              [   0.27251] _al_d3d_sync_bitmap (video) ref count == 1
d3d      D         d3d_disp.cpp:1166 real_choose_bitmap_format        [   0.27361] Fake format
d3d      D         d3d_disp.cpp:1166 real_choose_bitmap_format        [   0.27366] Fake format
d3d      D         d3d_disp.cpp:1166 real_choose_bitmap_format        [   0.27368] Fake format
d3d      D         d3d_disp.cpp:1166 real_choose_bitmap_format        [   0.27370] Fake format
d3d      D         d3d_disp.cpp:1166 real_choose_bitmap_format        [   0.27372] Fake format
d3d      D         d3d_disp.cpp:1166 real_choose_bitmap_format        [   0.27374] Fake format
d3d      D         d3d_disp.cpp:1166 real_choose_bitmap_format        [   0.27376] Fake format
d3d      D         d3d_disp.cpp:1166 real_choose_bitmap_format        [   0.27378] Fake format
d3d      D         d3d_disp.cpp:1166 real_choose_bitmap_format        [   0.27380] Fake format
d3d      D         d3d_disp.cpp:1174 real_choose_bitmap_format        [   0.27382] Alpha doesn't match
d3d      D         d3d_disp.cpp:1181 real_choose_bitmap_format        [   0.27384] Adapter format is 23
d3d      D         d3d_disp.cpp:1184 real_choose_bitmap_format        [   0.27386] Found a format
d3d      I         d3d_disp.cpp:2283 _al_d3d_create_bitmap            [   0.27388] Chose bitmap format 9
dtor     D               dtor.c:184  _al_register_destructor          [   0.27405] added dtor for object 07A6C118, func 0F862590
d3d      D          d3d_bmp.cpp:467  _al_d3d_sync_bitmap              [   0.27427] _al_d3d_sync_bitmap (system) ref count == 1
d3d      D          d3d_bmp.cpp:473  _al_d3d_sync_bitmap              [   0.27430] _al_d3d_sync_bitmap (video) ref count == 1
d3d      D         d3d_disp.cpp:1166 real_choose_bitmap_format        [   0.27481] Fake format
d3d      D         d3d_disp.cpp:1166 real_choose_bitmap_format        [   0.27484] Fake format
d3d      D         d3d_disp.cpp:1166 real_choose_bitmap_format        [   0.27486] Fake format
d3d      D         d3d_disp.cpp:1166 real_choose_bitmap_format        [   0.27488] Fake format
d3d      D         d3d_disp.cpp:1166 real_choose_bitmap_format        [   0.27490] Fake format
d3d      D         d3d_disp.cpp:1166 real_choose_bitmap_format        [   0.27492] Fake format
d3d      D         d3d_disp.cpp:1166 real_choose_bitmap_format        [   0.27496] Fake format
d3d      D         d3d_disp.cpp:1166 real_choose_bitmap_format        [   0.27498] Fake format
d3d      D         d3d_disp.cpp:1166 real_choose_bitmap_format        [   0.27500] Fake format
d3d      D         d3d_disp.cpp:1174 real_choose_bitmap_format        [   0.27502] Alpha doesn't match
d3d      D         d3d_disp.cpp:1181 real_choose_bitmap_format        [   0.27504] Adapter format is 23
d3d      D         d3d_disp.cpp:1184 real_choose_bitmap_format        [   0.27506] Found a format
d3d      I         d3d_disp.cpp:2283 _al_d3d_create_bitmap            [   0.27511] Chose bitmap format 9
dtor     D               dtor.c:184  _al_register_destructor          [   0.27526] added dtor for object 07A6CC18, func 0F862590
d3d      D          d3d_bmp.cpp:467  _al_d3d_sync_bitmap              [   0.28119] _al_d3d_sync_bitmap (system) ref count == 1
d3d      D          d3d_bmp.cpp:473  _al_d3d_sync_bitmap              [   0.28125] _al_d3d_sync_bitmap (video) ref count == 2
dtor     D               dtor.c:214  _al_unregister_destructor        [   0.28223] removed dtor for object 07A6CC18
d3d      W          d3d_bmp.cpp:743  d3d_destroy_bitmap               [   0.28228] d3d_destroy_bitmap: Release video texture failed.
d3d      D         d3d_disp.cpp:1166 real_choose_bitmap_format        [   0.28608] Fake format
d3d      D         d3d_disp.cpp:1166 real_choose_bitmap_format        [   0.28613] Fake format
d3d      D         d3d_disp.cpp:1166 real_choose_bitmap_format        [   0.28615] Fake format
d3d      D         d3d_disp.cpp:1166 real_choose_bitmap_format        [   0.28618] Fake format
d3d      D         d3d_disp.cpp:1166 real_choose_bitmap_format        [   0.28620] Fake format
d3d      D         d3d_disp.cpp:1166 real_choose_bitmap_format        [   0.28622] Fake format
d3d      D         d3d_disp.cpp:1166 real_choose_bitmap_format        [   0.28625] Fake format
d3d      D         d3d_disp.cpp:1166 real_choose_bitmap_format        [   0.28627] Fake format
d3d      D         d3d_disp.cpp:1166 real_choose_bitmap_format        [   0.28630] Fake format
d3d      D         d3d_disp.cpp:1174 real_choose_bitmap_format        [   0.28632] Alpha doesn't match
d3d      D         d3d_disp.cpp:1181 real_choose_bitmap_format        [   0.28635] Adapter format is 23
d3d      D         d3d_disp.cpp:1184 real_choose_bitmap_format        [   0.28638] Found a format
d3d      I         d3d_disp.cpp:2283 _al_d3d_create_bitmap            [   0.28640] Chose bitmap format 9
dtor     D               dtor.c:184  _al_register_destructor          [   0.28665] added dtor for object 07A6C818, func 0F862590
d3d      D          d3d_bmp.cpp:467  _al_d3d_sync_bitmap              [   0.29064] _al_d3d_sync_bitmap (system) ref count == 1
d3d      D          d3d_bmp.cpp:473  _al_d3d_sync_bitmap              [   0.29068] _al_d3d_sync_bitmap (video) ref count == 2
dtor     D               dtor.c:214  _al_unregister_destructor        [   0.29288] removed dtor for object 07A6C818
d3d      W          d3d_bmp.cpp:743  d3d_destroy_bitmap               [   0.29293] d3d_destroy_bitmap: Release video texture failed.
font     D                ttf.c:792  al_load_ttf_font_stretch_f       [   0.29799] Font ./assets/fonts/digital.ttf loaded with pixel size 0 x 26.
font     D                ttf.c:794  al_load_ttf_font_stretch_f       [   0.29804]     ascent=19.0, descent=4.0, height=14.0
dtor     D               dtor.c:184  _al_register_destructor          [   0.29809] added dtor for object 013EA8C0, func 0F861B36
d3d      D          d3d_bmp.cpp:467  _al_d3d_sync_bitmap              [   0.30368] _al_d3d_sync_bitmap (system) ref count == 1
d3d      D          d3d_bmp.cpp:473  _al_d3d_sync_bitmap              [   0.30386] _al_d3d_sync_bitmap (video) ref count == 1
d3d      D          d3d_bmp.cpp:467  _al_d3d_sync_bitmap              [   0.30407] _al_d3d_sync_bitmap (system) ref count == 1
d3d      D          d3d_bmp.cpp:473  _al_d3d_sync_bitmap              [   0.30410] _al_d3d_sync_bitmap (video) ref count == 1
d3d      D          d3d_bmp.cpp:467  _al_d3d_sync_bitmap              [   0.30543] _al_d3d_sync_bitmap (system) ref count == 1
d3d      D          d3d_bmp.cpp:473  _al_d3d_sync_bitmap              [   0.30550] _al_d3d_sync_bitmap (video) ref count == 1
d3d      D          d3d_bmp.cpp:467  _al_d3d_sync_bitmap              [   0.30695] _al_d3d_sync_bitmap (system) ref count == 1
d3d      D          d3d_bmp.cpp:473  _al_d3d_sync_bitmap              [   0.30703] _al_d3d_sync_bitmap (video) ref count == 1
d3d      D          d3d_bmp.cpp:467  _al_d3d_sync_bitmap              [   0.30845] _al_d3d_sync_bitmap (system) ref count == 1
d3d      D          d3d_bmp.cpp:473  _al_d3d_sync_bitmap              [   0.30851] _al_d3d_sync_bitmap (video) ref count == 1
d3d      D          d3d_bmp.cpp:467  _al_d3d_sync_bitmap              [   0.30874] _al_d3d_sync_bitmap (system) ref count == 1
d3d      D          d3d_bmp.cpp:473  _al_d3d_sync_bitmap              [   0.30878] _al_d3d_sync_bitmap (video) ref count == 1
d3d      D          d3d_bmp.cpp:467  _al_d3d_sync_bitmap              [   0.30897] _al_d3d_sync_bitmap (system) ref count == 1
d3d      D          d3d_bmp.cpp:473  _al_d3d_sync_bitmap              [   0.30901] _al_d3d_sync_bitmap (video) ref count == 1
d3d      D          d3d_bmp.cpp:467  _al_d3d_sync_bitmap              [   0.30918] _al_d3d_sync_bitmap (system) ref count == 1
d3d      D          d3d_bmp.cpp:473  _al_d3d_sync_bitmap              [   0.30921] _al_d3d_sync_bitmap (video) ref count == 1
d3d      D          d3d_bmp.cpp:467  _al_d3d_sync_bitmap              [   0.30938] _al_d3d_sync_bitmap (system) ref count == 1
d3d      D          d3d_bmp.cpp:473  _al_d3d_sync_bitmap              [   0.30941] _al_d3d_sync_bitmap (video) ref count == 1
d3d      D          d3d_bmp.cpp:467  _al_d3d_sync_bitmap              [   0.30958] _al_d3d_sync_bitmap (system) ref count == 1
d3d      D          d3d_bmp.cpp:473  _al_d3d_sync_bitmap              [   0.30961] _al_d3d_sync_bitmap (video) ref count == 1
d3d      D          d3d_bmp.cpp:467  _al_d3d_sync_bitmap              [   0.30977] _al_d3d_sync_bitmap (system) ref count == 1
d3d      D          d3d_bmp.cpp:473  _al_d3d_sync_bitmap              [   0.30980] _al_d3d_sync_bitmap (video) ref count == 1
d3d      D          d3d_bmp.cpp:467  _al_d3d_sync_bitmap              [   0.30997] _al_d3d_sync_bitmap (system) ref count == 1
d3d      D          d3d_bmp.cpp:473  _al_d3d_sync_bitmap              [   0.31000] _al_d3d_sync_bitmap (video) ref count == 1
d3d      D          d3d_bmp.cpp:467  _al_d3d_sync_bitmap              [   0.31016] _al_d3d_sync_bitmap (system) ref count == 1
d3d      D          d3d_bmp.cpp:473  _al_d3d_sync_bitmap              [   0.31020] _al_d3d_sync_bitmap (video) ref count == 1
d3d      D          d3d_bmp.cpp:467  _al_d3d_sync_bitmap              [   0.31035] _al_d3d_sync_bitmap (system) ref count == 1
d3d      D          d3d_bmp.cpp:473  _al_d3d_sync_bitmap              [   0.31038] _al_d3d_sync_bitmap (video) ref count == 1
d3d      D          d3d_bmp.cpp:467  _al_d3d_sync_bitmap              [   0.31053] _al_d3d_sync_bitmap (system) ref count == 1
d3d      D          d3d_bmp.cpp:473  _al_d3d_sync_bitmap              [   0.31057] _al_d3d_sync_bitmap (video) ref count == 1
d3d      D          d3d_bmp.cpp:467  _al_d3d_sync_bitmap              [   0.31072] _al_d3d_sync_bitmap (system) ref count == 1
d3d      D          d3d_bmp.cpp:473  _al_d3d_sync_bitmap              [   0.31076] _al_d3d_sync_bitmap (video) ref count == 1
d3d      D          d3d_bmp.cpp:467  _al_d3d_sync_bitmap              [   0.31090] _al_d3d_sync_bitmap (system) ref count == 1
d3d      D          d3d_bmp.cpp:473  _al_d3d_sync_bitmap              [   0.31094] _al_d3d_sync_bitmap (video) ref count == 1
d3d      D          d3d_bmp.cpp:467  _al_d3d_sync_bitmap              [   0.31112] _al_d3d_sync_bitmap (system) ref count == 1
d3d      D          d3d_bmp.cpp:473  _al_d3d_sync_bitmap              [   0.31115] _al_d3d_sync_bitmap (video) ref count == 1
d3d      D         d3d_disp.cpp:1166 real_choose_bitmap_format        [   0.35269] Fake format
d3d      D         d3d_disp.cpp:1166 real_choose_bitmap_format        [   0.35274] Fake format
d3d      D         d3d_disp.cpp:1166 real_choose_bitmap_format        [   0.35277] Fake format
d3d      D         d3d_disp.cpp:1166 real_choose_bitmap_format        [   0.35280] Fake format
d3d      D         d3d_disp.cpp:1166 real_choose_bitmap_format        [   0.35282] Fake format
d3d      D         d3d_disp.cpp:1166 real_choose_bitmap_format        [   0.35284] Fake format
d3d      D         d3d_disp.cpp:1166 real_choose_bitmap_format        [   0.35286] Fake format
d3d      D         d3d_disp.cpp:1166 real_choose_bitmap_format        [   0.35289] Fake format
d3d      D         d3d_disp.cpp:1166 real_choose_bitmap_format        [   0.35291] Fake format
d3d      D         d3d_disp.cpp:1174 real_choose_bitmap_format        [   0.35293] Alpha doesn't match
d3d      D         d3d_disp.cpp:1181 real_choose_bitmap_format        [   0.35295] Adapter format is 23
d3d      D         d3d_disp.cpp:1184 real_choose_bitmap_format        [   0.35298] Found a format
d3d      I         d3d_disp.cpp:2283 _al_d3d_create_bitmap            [   0.35302] Chose bitmap format 9
font     D                ttf.c:217  alloc_glyph_region               [   0.35364] Glyph 54: 12x19 (12x20)
d3d      D          d3d_bmp.cpp:467  _al_d3d_sync_bitmap              [   0.35396] _al_d3d_sync_bitmap (system) ref count == 1
d3d      D          d3d_bmp.cpp:473  _al_d3d_sync_bitmap              [   0.35404] _al_d3d_sync_bitmap (video) ref count == 2
font     D                ttf.c:217  alloc_glyph_region               [   0.35502] Glyph 76: 4x19 (4x20)
font     D                ttf.c:217  alloc_glyph_region               [   0.35515] Glyph 81: 12x19 (12x20)
font     D                ttf.c:217  alloc_glyph_region               [   0.35527] Glyph 74: 12x19 (12x20)
font     D                ttf.c:217  alloc_glyph_region               [   0.35537] Glyph 79: 13x19 (16x20)
font     D                ttf.c:217  alloc_glyph_region               [   0.35548] Glyph 72: 12x19 (12x20)
font     D                ttf.c:217  alloc_glyph_region               [   0.35558] Glyph 83: 12x19 (12x20)
font     D                ttf.c:217  alloc_glyph_region               [   0.35569] Glyph 68: 12x19 (12x20)
font     D                ttf.c:217  alloc_glyph_region               [   0.35577] Glyph 92: 12x19 (12x20)
font     D                ttf.c:217  alloc_glyph_region               [   0.35587] Glyph 85: 12x19 (12x20)
font     D                ttf.c:217  alloc_glyph_region               [   0.35615] Glyph 48: 12x19 (12x20)
d3d      D          d3d_bmp.cpp:467  _al_d3d_sync_bitmap              [   0.35632] _al_d3d_sync_bitmap (system) ref count == 1
d3d      D          d3d_bmp.cpp:473  _al_d3d_sync_bitmap              [   0.35634] _al_d3d_sync_bitmap (video) ref count == 2
font     D                ttf.c:217  alloc_glyph_region               [   0.35681] Glyph 88: 12x19 (12x20)
font     D                ttf.c:217  alloc_glyph_region               [   0.35688] Glyph 87: 13x19 (16x20)
font     D                ttf.c:217  alloc_glyph_region               [   0.35703] Glyph 43: 12x19 (12x20)
d3d      D          d3d_bmp.cpp:467  _al_d3d_sync_bitmap              [   0.35714] _al_d3d_sync_bitmap (system) ref count == 1
d3d      D          d3d_bmp.cpp:473  _al_d3d_sync_bitmap              [   0.35716] _al_d3d_sync_bitmap (video) ref count == 2
font     D                ttf.c:217  alloc_glyph_region               [   0.35758] Glyph 75: 12x19 (12x20)
font     D                ttf.c:217  alloc_glyph_region               [   0.35765] Glyph 86: 12x19 (12x20)
font     D                ttf.c:217  alloc_glyph_region               [   0.35772] Glyph 70: 12x19 (12x20)
font     D                ttf.c:217  alloc_glyph_region               [   0.35778] Glyph 82: 12x19 (12x20)
font     D                ttf.c:217  alloc_glyph_region               [   0.35791] Glyph 52: 13x19 (16x20)
d3d      D          d3d_bmp.cpp:467  _al_d3d_sync_bitmap              [   0.35819] _al_d3d_sync_bitmap (system) ref count == 1
d3d      D          d3d_bmp.cpp:473  _al_d3d_sync_bitmap              [   0.35822] _al_d3d_sync_bitmap (video) ref count == 2
d3d      D          d3d_bmp.cpp:467  _al_d3d_sync_bitmap              [   0.36050] _al_d3d_sync_bitmap (system) ref count == 1
d3d      D          d3d_bmp.cpp:473  _al_d3d_sync_bitmap              [   0.36070] _al_d3d_sync_bitmap (video) ref count == 2
